  test.c
d:\test_1_存储\test_11_19\test_11_19\test.c(278): error C2057: 应输入常量表达式
d:\test_1_存储\test_11_19\test_11_19\test.c(278): error C2466: 不能分配常量大小为 0 的数组
d:\test_1_存储\test_11_19\test_11_19\test.c(278): error C2087: “t”: 缺少下标
d:\test_1_存储\test_11_19\test_11_19\test.c(279): error C2057: 应输入常量表达式
d:\test_1_存储\test_11_19\test_11_19\test.c(279): error C2466: 不能分配常量大小为 0 的数组
d:\test_1_存储\test_11_19\test_11_19\test.c(279): error C2087: “t”: 缺少下标
d:\test_1_存储\test_11_19\test_11_19\test.c(283): warning C4048: “const int (*)[1]”和“int [3][5]”数组的下标不同
d:\test_1_存储\test_11_19\test_11_19\test.c(284): warning C4048: “int (*)[1]”和“int [3][5]”数组的下标不同
d:\test_1_存储\test_11_19\test_11_19\test.c(286): warning C4048: “const int (*)[1]”和“int [3][5]”数组的下标不同
d:\test_1_存储\test_11_19\test_11_19\test.c(290): error C2057: 应输入常量表达式
d:\test_1_存储\test_11_19\test_11_19\test.c(290): error C2466: 不能分配常量大小为 0 的数组
d:\test_1_存储\test_11_19\test_11_19\test.c(290): error C2087: “t”: 缺少下标
d:\test_1_存储\test_11_19\test_11_19\test.c(297): error C2057: 应输入常量表达式
d:\test_1_存储\test_11_19\test_11_19\test.c(297): error C2466: 不能分配常量大小为 0 的数组
d:\test_1_存储\test_11_19\test_11_19\test.c(297): error C2087: “t”: 缺少下标
