  test.c
  contact.c
d:\test_1_存储\contact\contact\contact.c(122): warning C4013: “FindByName”未定义；假设外部返回 int
  正在生成代码...
contact.obj : error LNK2019: 无法解析的外部符号 _FindByName，该符号在函数 _ModifyContact 中被引用
test.obj : error LNK2019: 无法解析的外部符号 _SortContact，该符号在函数 _main 中被引用
D:\test_1_存储\Contact\Debug\Contact.exe : fatal error LNK1120: 2 个无法解析的外部命令
