  test.c
test.obj : error LNK2019: 无法解析的外部符号 _sump，该符号在函数 _main 中被引用
D:\test_1_存储\test_11_16\Debug\test_11_16.exe : fatal error LNK1120: 1 个无法解析的外部命令
